Log file open, 12/26/19 19:54:42
LogWindows: Failed to load 'aqProf.dll' (GetLastError=126)
LogWindows: File 'aqProf.dll' does not exist
LogWindows: Failed to load 'VtuneApi.dll' (GetLastError=126)
LogWindows: File 'VtuneApi.dll' does not exist
LogWindows: Failed to load 'VtuneApi32e.dll' (GetLastError=126)
LogWindows: File 'VtuneApi32e.dll' does not exist
LogConsoleResponse: Display: Failed to find resolution value strings in scalability ini. Falling back to default.
LogInit: Display: Running engine for game: TheMatrix
LogPakFile: Registered encryption key '00000000000000000000000000000000': 0 pak files mounted, 0 remain pending
LogPlatformFile: Not using cached read wrapper
LogTaskGraph: Started task graph with 5 named threads and 23 total threads with 3 sets of task threads.
LogStats: Stats thread started at 0.261478
LogD3D11RHI: Loaded GFSDK_Aftermath_Lib.x64.dll
LogICUInternationalization: ICU TimeZone Detection - Raw Offset: +1:00, Platform Override: ''
LogPluginManager: Mounting plugin Paper2D
LogPluginManager: Mounting plugin AISupport
LogPluginManager: Mounting plugin LightPropagationVolume
LogPluginManager: Mounting plugin ActorLayerUtilities
LogPluginManager: Mounting plugin AnimationSharing
LogPluginManager: Mounting plugin CLionSourceCodeAccess
LogPluginManager: Mounting plugin CodeLiteSourceCodeAccess
LogPluginManager: Mounting plugin GitSourceControl
LogPluginManager: Mounting plugin KDevelopSourceCodeAccess
LogPluginManager: Mounting plugin NullSourceCodeAccess
LogPluginManager: Mounting plugin PerforceSourceControl
LogPluginManager: Mounting plugin SubversionSourceControl
LogPluginManager: Mounting plugin UObjectPlugin
LogPluginManager: Mounting plugin VisualStudioCodeSourceCodeAccess
LogPluginManager: Mounting plugin VisualStudioSourceCodeAccess
LogPluginManager: Mounting plugin XCodeSourceCodeAccess
LogPluginManager: Mounting plugin AssetManagerEditor
LogPluginManager: Mounting plugin CryptoKeys
LogPluginManager: Mounting plugin DataValidation
LogPluginManager: Mounting plugin FacialAnimation
LogPluginManager: Mounting plugin GameplayTagsEditor
LogPluginManager: Mounting plugin MacGraphicsSwitching
LogPluginManager: Mounting plugin MaterialAnalyzer
LogPluginManager: Mounting plugin MobileLauncherProfileWizard
LogPluginManager: Mounting plugin PluginBrowser
LogPluginManager: Mounting plugin SpeedTreeImporter
LogPluginManager: Mounting plugin DatasmithContent
LogPluginManager: Mounting plugin VariantManagerContent
LogPluginManager: Mounting plugin AlembicImporter
LogPluginManager: Mounting plugin AppleImageUtils
LogPluginManager: Mounting plugin AppleVision
LogPluginManager: Mounting plugin BackChannel
LogPluginManager: Mounting plugin CharacterAI
LogPluginManager: Mounting plugin GeometryCache
LogPluginManager: Mounting plugin HTML5Networking
LogPluginManager: Mounting plugin ProxyLODPlugin
LogPluginManager: Mounting plugin SkeletalReduction
LogPluginManager: Mounting plugin MagicLeap
LogPluginManager: Mounting plugin MagicLeapMedia
LogPluginManager: Mounting plugin AndroidMedia
LogPluginManager: Mounting plugin AvfMedia
LogPluginManager: Mounting plugin ImgMedia
LogPluginManager: Mounting plugin LinearTimecode
LogPluginManager: Mounting plugin MediaCompositing
LogPluginManager: Mounting plugin MediaPlayerEditor
LogPluginManager: Mounting plugin WebMMedia
LogPluginManager: Mounting plugin WmfMedia
LogPluginManager: Mounting plugin TcpMessaging
LogPluginManager: Mounting plugin UdpMessaging
LogPluginManager: Mounting plugin ActorSequence
LogPluginManager: Mounting plugin LevelSequenceEditor
LogPluginManager: Mounting plugin MatineeToLevelSequence
LogPluginManager: Mounting plugin NetcodeUnitTest
LogPluginManager: Mounting plugin NUTUnrealEngine4
LogPluginManager: Mounting plugin OnlineSubsystemGooglePlay
LogPluginManager: Mounting plugin OnlineSubsystemIOS
LogPluginManager: Mounting plugin OnlineSubsystem
LogPluginManager: Mounting plugin OnlineSubsystemNull
LogPluginManager: Mounting plugin OnlineSubsystemUtils
LogPluginManager: Mounting plugin LauncherChunkInstaller
LogPluginManager: Mounting plugin AndroidDeviceProfileSelector
LogPluginManager: Mounting plugin AndroidMoviePlayer
LogPluginManager: Mounting plugin AndroidPermission
LogPluginManager: Mounting plugin AppleMoviePlayer
LogPluginManager: Mounting plugin ArchVisCharacter
LogPluginManager: Mounting plugin AudioCapture
LogPluginManager: Mounting plugin CableComponent
LogPluginManager: Mounting plugin CustomMeshComponent
LogPluginManager: Mounting plugin EditableMesh
LogPluginManager: Mounting plugin ExampleDeviceProfileSelector
LogPluginManager: Mounting plugin Firebase
LogPluginManager: Mounting plugin GoogleCloudMessaging
LogPluginManager: Mounting plugin IOSDeviceProfileSelector
LogPluginManager: Mounting plugin LinuxDeviceProfileSelector
LogPluginManager: Mounting plugin LocationServicesBPLibrary
LogPluginManager: Mounting plugin MobilePatchingUtils
LogPluginManager: Mounting plugin OculusVR
LogPluginManager: Mounting plugin PhysXVehicles
LogPluginManager: Mounting plugin ProceduralMeshComponent
LogPluginManager: Mounting plugin RuntimePhysXCooking
LogPluginManager: Mounting plugin SignificanceManager
LogPluginManager: Mounting plugin SteamVR
LogPluginManager: Mounting plugin WebMMoviePlayer
LogPluginManager: Mounting plugin WindowsMoviePlayer
LogInit: Using libcurl 7.55.1-DEV
LogInit:  - built for x86_64-pc-win32
LogInit:  - supports SSL with OpenSSL/1.1.1
LogInit:  - supports HTTP deflate (compression) using libz 1.2.8
LogInit:  - other features:
LogInit:      CURL_VERSION_SSL
LogInit:      CURL_VERSION_LIBZ
LogInit:      CURL_VERSION_IPV6
LogInit:      CURL_VERSION_ASYNCHDNS
LogInit:      CURL_VERSION_LARGEFILE
LogInit:      CURL_VERSION_IDN
LogInit:  CurlRequestOptions (configurable via config and command line):
LogInit:  - bVerifyPeer = true  - Libcurl will verify peer certificate
LogInit:  - bUseHttpProxy = false  - Libcurl will NOT use HTTP proxy
LogInit:  - bDontReuseConnections = false  - Libcurl will reuse connections
LogInit:  - MaxHostConnections = 16  - Libcurl will limit the number of connections to a host
LogInit:  - LocalHostAddr = Default
LogInit:  - BufferSize = 65536
LogInit: WinSock: version 1.1 (2.2), MaxSocks=32767, MaxUdp=65467
LogInit: Build: ++UE4+Release-4.22-CL-7053642
LogInit: Engine Version: 4.22.3-7053642+++UE4+Release-4.22
LogInit: Compatible Engine Version: 4.22.0-5660361+++UE4+Release-4.22
LogInit: Net CL: 5660361
LogInit: OS: Windows 10 (Release 1903) (), CPU: Intel(R) Core(TM) i7-7700 CPU @ 3.60GHz, GPU: NVIDIA GeForce GTX 1060 6GB
LogInit: Compiled (64-bit): Jun 18 2019 03:09:11
LogInit: Compiled with Visual C++: 19.16.27025.01
LogInit: Build Configuration: Development
LogInit: Branch Name: ++UE4+Release-4.22
LogInit: Command Line: 
LogInit: Base Directory: C:/Program Files/Epic Games/UE_4.22/Engine/Binaries/Win64/
LogInit: Installed Engine Build: 1
LogDevObjectVersion: Number of dev versions registered: 23
LogDevObjectVersion:   Dev-Blueprints (B0D832E4-1F89-4F0D-ACCF-7EB736FD4AA2): 10
LogDevObjectVersion:   Dev-Build (E1C64328-A22C-4D53-A36C-8E866417BD8C): 0
LogDevObjectVersion:   Dev-Core (375EC13C-06E4-48FB-B500-84F0262A717E): 3
LogDevObjectVersion:   Dev-Editor (E4B068ED-F494-42E9-A231-DA0B2E46BB41): 30
LogDevObjectVersion:   Dev-Framework (CFFC743F-43B0-4480-9391-14DF171D2073): 35
LogDevObjectVersion:   Dev-Mobile (B02B49B5-BB20-44E9-A304-32B752E40360): 2
LogDevObjectVersion:   Dev-Networking (A4E4105C-59A1-49B5-A7C5-40C4547EDFEE): 0
LogDevObjectVersion:   Dev-Online (39C831C9-5AE6-47DC-9A44-9C173E1C8E7C): 0
LogDevObjectVersion:   Dev-Physics (78F01B33-EBEA-4F98-B9B4-84EACCB95AA2): 0
LogDevObjectVersion:   Dev-Platform (6631380F-2D4D-43E0-8009-CF276956A95A): 0
LogDevObjectVersion:   Dev-Rendering (12F88B9F-8875-4AFC-A67C-D90C383ABD29): 28
LogDevObjectVersion:   Dev-Sequencer (7B5AE74C-D270-4C10-A958-57980B212A5A): 11
LogDevObjectVersion:   Dev-VR (D7296918-1DD6-4BDD-9DE2-64A83CC13884): 2
LogDevObjectVersion:   Dev-LoadTimes (C2A15278-BFE7-4AFE-6C17-90FF531DF755): 1
LogDevObjectVersion:   Private-Geometry (6EACA3D4-40EC-4CC1-B786-8BED09428FC5): 3
LogDevObjectVersion:   Dev-AnimPhys (29E575DD-E0A3-4627-9D10-D276232CDCEA): 17
LogDevObjectVersion:   Dev-Anim (AF43A65D-7FD3-4947-9873-3E8ED9C1BB05): 2
LogDevObjectVersion:   Dev-ReflectionCapture (6B266CEC-1EC7-4B8F-A30B-E4D90942FC07): 1
LogDevObjectVersion:   Dev-Automation (0DF73D61-A23F-47EA-B727-89E90C41499A): 1
LogDevObjectVersion:   FortniteMain (601D1886-AC64-4F84-AA16-D3DE0DEAC7D6): 25
LogDevObjectVersion:   Dev-Enterprise (9DFFBCD6-494F-0158-E221-12823C92A888): 6
LogDevObjectVersion:   Dev-Niagara (F2AED0AC-9AFE-416F-8664-AA7FFA26D6FC): 1
LogDevObjectVersion:   Dev-Destruction (174F1F0B-B4C6-45A5-B13F-2EE8D0FB917D): 2
LogInit: Presizing for max 16777216 objects, including 0 objects not considered by GC, pre-allocating 0 bytes for permanent pool.
LogInit: Object subsystem initialized
LogConfig: Setting CVar [[con.DebugEarlyDefault:1]]
LogConfig: Setting CVar [[r.setres:1280x720]]
[2019.12.26-18.54.43:206][  0]LogConfig: Setting CVar [[r.VSync:0]]
[2019.12.26-18.54.43:206][  0]LogConfig: Setting CVar [[r.RHICmdBypass:0]]
[2019.12.26-18.54.43:206][  0]LogConfig: Applying CVar settings from Section [/Script/Engine.RendererSettings] File [C:/Users/Tadaaaa/Desktop/Unreal Projects/TheMatrix/TheMatrix/Saved/Config/Windows/Engine.ini]
[2019.12.26-18.54.43:206][  0]LogConfig: Setting CVar [[r.GPUCrashDebugging:0]]
[2019.12.26-18.54.43:206][  0]LogConfig: Setting CVar [[r.DefaultFeature.AutoExposure.ExtendDefaultLuminanceRange:1]]
[2019.12.26-18.54.43:206][  0]LogConfig: Applying CVar settings from Section [/Script/Engine.RendererOverrideSettings] File [C:/Users/Tadaaaa/Desktop/Unreal Projects/TheMatrix/TheMatrix/Saved/Config/Windows/Engine.ini]
[2019.12.26-18.54.43:206][  0]LogConfig: Applying CVar settings from Section [/Script/Engine.StreamingSettings] File [C:/Users/Tadaaaa/Desktop/Unreal Projects/TheMatrix/TheMatrix/Saved/Config/Windows/Engine.ini]
[2019.12.26-18.54.43:206][  0]LogConfig: Setting CVar [[s.MinBulkDataSizeForAsyncLoading:131072]]
[2019.12.26-18.54.43:206][  0]LogConfig: Setting CVar [[s.AsyncLoadingThreadEnabled:0]]
[2019.12.26-18.54.43:206][  0]LogConfig: Setting CVar [[s.EventDrivenLoaderEnabled:1]]
[2019.12.26-18.54.43:206][  0]LogConfig: Setting CVar [[s.WarnIfTimeLimitExceeded:0]]
[2019.12.26-18.54.43:206][  0]LogConfig: Setting CVar [[s.TimeLimitExceededMultiplier:1.5]]
[2019.12.26-18.54.43:206][  0]LogConfig: Setting CVar [[s.TimeLimitExceededMinTime:0.005]]
[2019.12.26-18.54.43:206][  0]LogConfig: Setting CVar [[s.UseBackgroundLevelStreaming:1]]
[2019.12.26-18.54.43:206][  0]LogConfig: Setting CVar [[s.PriorityAsyncLoadingExtraTime:15.0]]
[2019.12.26-18.54.43:207][  0]LogConfig: Setting CVar [[s.LevelStreamingActorsUpdateTimeLimit:5.0]]
[2019.12.26-18.54.43:207][  0]LogConfig: Setting CVar [[s.PriorityLevelStreamingActorsUpdateExtraTime:5.0]]
[2019.12.26-18.54.43:207][  0]LogConfig: Setting CVar [[s.LevelStreamingComponentsRegistrationGranularity:10]]
[2019.12.26-18.54.43:207][  0]LogConfig: Setting CVar [[s.UnregisterComponentsTimeLimit:1.0]]
[2019.12.26-18.54.43:207][  0]LogConfig: Setting CVar [[s.LevelStreamingComponentsUnregistrationGranularity:5]]
[2019.12.26-18.54.43:207][  0]LogConfig: Applying CVar settings from Section [/Script/Engine.GarbageCollectionSettings] File [C:/Users/Tadaaaa/Desktop/Unreal Projects/TheMatrix/TheMatrix/Saved/Config/Windows/Engine.ini]
[2019.12.26-18.54.43:207][  0]LogConfig: Setting CVar [[gc.MaxObjectsNotConsideredByGC:1]]
[2019.12.26-18.54.43:207][  0]LogConfig: Setting CVar [[gc.SizeOfPermanentObjectPool:0]]
[2019.12.26-18.54.43:207][  0]LogConfig: Setting CVar [[gc.FlushStreamingOnGC:0]]
[2019.12.26-18.54.43:207][  0]LogConfig: Setting CVar [[gc.NumRetriesBeforeForcingGC:10]]
[2019.12.26-18.54.43:207][  0]LogConfig: Setting CVar [[gc.AllowParallelGC:1]]
[2019.12.26-18.54.43:207][  0]LogConfig: Setting CVar [[gc.TimeBetweenPurgingPendingKillObjects:61.1]]
[2019.12.26-18.54.43:207][  0]LogConfig: Setting CVar [[gc.MaxObjectsInEditor:16777216]]
[2019.12.26-18.54.43:207][  0]LogConfig: Setting CVar [[gc.IncrementalBeginDestroyEnabled:1]]
[2019.12.26-18.54.43:207][  0]LogConfig: Setting CVar [[gc.CreateGCClusters:1]]
[2019.12.26-18.54.43:207][  0]LogConfig: Setting CVar [[gc.MinGCClusterSize:5]]
[2019.12.26-18.54.43:207][  0]LogConfig: Setting CVar [[gc.ActorClusteringEnabled:0]]
[2019.12.26-18.54.43:207][  0]LogConfig: Setting CVar [[gc.BlueprintClusteringEnabled:0]]
[2019.12.26-18.54.43:207][  0]LogConfig: Setting CVar [[gc.UseDisregardForGCOnDedicatedServers:0]]
[2019.12.26-18.54.43:207][  0]LogConfig: Applying CVar settings from Section [/Script/Engine.NetworkSettings] File [C:/Users/Tadaaaa/Desktop/Unreal Projects/TheMatrix/TheMatrix/Saved/Config/Windows/Engine.ini]
[2019.12.26-18.54.43:207][  0]LogConfig: Applying CVar settings from Section [/Script/UnrealEd.CookerSettings] File [C:/Users/Tadaaaa/Desktop/Unreal Projects/TheMatrix/TheMatrix/Saved/Config/Windows/Engine.ini]
[2019.12.26-18.54.43:209][  0]LogConfig: Applying CVar settings from Section [ViewDistanceQuality@3] File [C:/Users/Tadaaaa/Desktop/Unreal Projects/TheMatrix/TheMatrix/Saved/Config/Windows/Scalability.ini]
[2019.12.26-18.54.43:209][  0]LogConfig: Setting CVar [[r.SkeletalMeshLODBias:0]]
[2019.12.26-18.54.43:209][  0]LogConfig: Setting CVar [[r.ViewDistanceScale:1.0]]
[2019.12.26-18.54.43:209][  0]LogConfig: Applying CVar settings from Section [AntiAliasingQuality@3] File [C:/Users/Tadaaaa/Desktop/Unreal Projects/TheMatrix/TheMatrix/Saved/Config/Windows/Scalability.ini]
[2019.12.26-18.54.43:209][  0]LogConfig: Setting CVar [[r.PostProcessAAQuality:4]]
[2019.12.26-18.54.43:209][  0]LogConfig: Applying CVar settings from Section [ShadowQuality@3] File [C:/Users/Tadaaaa/Desktop/Unreal Projects/TheMatrix/TheMatrix/Saved/Config/Windows/Scalability.ini]
[2019.12.26-18.54.43:209][  0]LogConfig: Setting CVar [[r.LightFunctionQuality:1]]
[2019.12.26-18.54.43:209][  0]LogConfig: Setting CVar [[r.ShadowQuality:5]]
[2019.12.26-18.54.43:209][  0]LogConfig: Setting CVar [[r.Shadow.CSM.MaxCascades:10]]
[2019.12.26-18.54.43:209][  0]LogConfig: Setting CVar [[r.Shadow.MaxResolution:2048]]
[2019.12.26-18.54.43:209][  0]LogConfig: Setting CVar [[r.Shadow.MaxCSMResolution:2048]]
[2019.12.26-18.54.43:209][  0]LogConfig: Setting CVar [[r.Shadow.RadiusThreshold:0.01]]
[2019.12.26-18.54.43:209][  0]LogConfig: Setting CVar [[r.Shadow.DistanceScale:1.0]]
[2019.12.26-18.54.43:209][  0]LogConfig: Setting CVar [[r.Shadow.CSM.TransitionScale:1.0]]
[2019.12.26-18.54.43:209][  0]LogConfig: Setting CVar [[r.Shadow.PreShadowResolutionFactor:1.0]]
[2019.12.26-18.54.43:209][  0]LogConfig: Setting CVar [[r.DistanceFieldShadowing:1]]
[2019.12.26-18.54.43:209][  0]LogConfig: Setting CVar [[r.DistanceFieldAO:1]]
[2019.12.26-18.54.43:209][  0]LogConfig: Setting CVar [[r.AOQuality:2]]
[2019.12.26-18.54.43:209][  0]LogConfig: Setting CVar [[r.VolumetricFog:1]]
[2019.12.26-18.54.43:209][  0]LogConfig: Setting CVar [[r.VolumetricFog.GridPixelSize:8]]
[2019.12.26-18.54.43:209][  0]LogConfig: Setting CVar [[r.VolumetricFog.GridSizeZ:128]]
[2019.12.26-18.54.43:209][  0]LogConfig: Setting CVar [[r.VolumetricFog.HistoryMissSupersampleCount:4]]
[2019.12.26-18.54.43:209][  0]LogConfig: Setting CVar [[r.LightMaxDrawDistanceScale:1]]
[2019.12.26-18.54.43:209][  0]LogConfig: Setting CVar [[r.CapsuleShadows:1]]
[2019.12.26-18.54.43:209][  0]LogConfig: Applying CVar settings from Section [PostProcessQuality@3] File [C:/Users/Tadaaaa/Desktop/Unreal Projects/TheMatrix/TheMatrix/Saved/Config/Windows/Scalability.ini]
[2019.12.26-18.54.43:209][  0]LogConfig: Setting CVar [[r.MotionBlurQuality:4]]
[2019.12.26-18.54.43:209][  0]LogConfig: Setting CVar [[r.AmbientOcclusionMipLevelFactor:0.4]]
[2019.12.26-18.54.43:209][  0]LogConfig: Setting CVar [[r.AmbientOcclusionMaxQuality:100]]
[2019.12.26-18.54.43:209][  0]LogConfig: Setting CVar [[r.AmbientOcclusionLevels:-1]]
[2019.12.26-18.54.43:209][  0]LogConfig: Setting CVar [[r.AmbientOcclusionRadiusScale:1.0]]
[2019.12.26-18.54.43:209][  0]LogConfig: Setting CVar [[r.DepthOfFieldQuality:2]]
[2019.12.26-18.54.43:209][  0]LogConfig: Setting CVar [[r.RenderTargetPoolMin:400]]
[2019.12.26-18.54.43:209][  0]LogConfig: Setting CVar [[r.LensFlareQuality:2]]
[2019.12.26-18.54.43:209][  0]LogConfig: Setting CVar [[r.SceneColorFringeQuality:1]]
[2019.12.26-18.54.43:209][  0]LogConfig: Setting CVar [[r.EyeAdaptationQuality:2]]
[2019.12.26-18.54.43:209][  0]LogConfig: Setting CVar [[r.BloomQuality:5]]
[2019.12.26-18.54.43:209][  0]LogConfig: Setting CVar [[r.FastBlurThreshold:100]]
[2019.12.26-18.54.43:209][  0]LogConfig: Setting CVar [[r.Upscale.Quality:3]]
[2019.12.26-18.54.43:209][  0]LogConfig: Setting CVar [[r.Tonemapper.GrainQuantization:1]]
[2019.12.26-18.54.43:209][  0]LogConfig: Setting CVar [[r.LightShaftQuality:1]]
[2019.12.26-18.54.43:209][  0]LogConfig: Setting CVar [[r.Filter.SizeScale:1]]
[2019.12.26-18.54.43:209][  0]LogConfig: Setting CVar [[r.Tonemapper.Quality:5]]
[2019.12.26-18.54.43:209][  0]LogConfig: Setting CVar [[r.DOF.Gather.AccumulatorQuality:1        ; higher gathering accumulator quality]]
[2019.12.26-18.54.43:209][  0]LogConfig: Setting CVar [[r.DOF.Gather.PostfilterMethod:1          ; Median3x3 postfilering method]]
[2019.12.26-18.54.43:209][  0]LogConfig: Setting CVar [[r.DOF.Gather.EnableBokehSettings:0       ; no bokeh simulation when gathering]]
[2019.12.26-18.54.43:209][  0]LogConfig: Setting CVar [[r.DOF.Gather.RingCount:4                 ; medium number of samples when gathering]]
[2019.12.26-18.54.43:209][  0]LogConfig: Setting CVar [[r.DOF.Scatter.ForegroundCompositing:1    ; additive foreground scattering]]
[2019.12.26-18.54.43:209][  0]LogConfig: Setting CVar [[r.DOF.Scatter.BackgroundCompositing:2    ; additive background scattering]]
[2019.12.26-18.54.43:209][  0]LogConfig: Setting CVar [[r.DOF.Scatter.EnableBokehSettings:1      ; bokeh simulation when scattering]]
[2019.12.26-18.54.43:209][  0]LogConfig: Setting CVar [[r.DOF.Scatter.MaxSpriteRatio:0.1         ; only a maximum of 10% of scattered bokeh]]
[2019.12.26-18.54.43:209][  0]LogConfig: Setting CVar [[r.DOF.Recombine.Quality:1                ; cheap slight out of focus]]
[2019.12.26-18.54.43:209][  0]LogConfig: Setting CVar [[r.DOF.Recombine.EnableBokehSettings:0    ; no bokeh simulation on slight out of focus]]
[2019.12.26-18.54.43:209][  0]LogConfig: Setting CVar [[r.DOF.TemporalAAQuality:1                ; more stable temporal accumulation]]
[2019.12.26-18.54.43:209][  0]LogConfig: Setting CVar [[r.DOF.Kernel.MaxForegroundRadius:0.025]]
[2019.12.26-18.54.43:209][  0]LogConfig: Setting CVar [[r.DOF.Kernel.MaxBackgroundRadius:0.025]]
[2019.12.26-18.54.43:209][  0]LogConfig: Applying CVar settings from Section [TextureQuality@3] File [C:/Users/Tadaaaa/Desktop/Unreal Projects/TheMatrix/TheMatrix/Saved/Config/Windows/Scalability.ini]
[2019.12.26-18.54.43:209][  0]LogConfig: Setting CVar [[r.Streaming.MipBias:0]]
[2019.12.26-18.54.43:209][  0]LogConfig: Setting CVar [[r.Streaming.AmortizeCPUToGPUCopy:0]]
[2019.12.26-18.54.43:209][  0]LogConfig: Setting CVar [[r.Streaming.MaxNumTexturesToStreamPerFrame:0]]
[2019.12.26-18.54.43:209][  0]LogConfig: Setting CVar [[r.Streaming.Boost:1]]
[2019.12.26-18.54.43:209][  0]LogConfig: Setting CVar [[r.MaxAnisotropy:8]]
[2019.12.26-18.54.43:209][  0]LogConfig: Setting CVar [[r.Streaming.LimitPoolSizeToVRAM:0]]
[2019.12.26-18.54.43:209][  0]LogConfig: Setting CVar [[r.Streaming.PoolSize:1000]]
[2019.12.26-18.54.43:209][  0]LogConfig: Setting CVar [[r.Streaming.MaxEffectiveScreenSize:0]]
[2019.12.26-18.54.43:209][  0]LogConfig: Applying CVar settings from Section [EffectsQuality@3] File [C:/Users/Tadaaaa/Desktop/Unreal Projects/TheMatrix/TheMatrix/Saved/Config/Windows/Scalability.ini]
[2019.12.26-18.54.43:209][  0]LogConfig: Setting CVar [[r.TranslucencyLightingVolumeDim:64]]
[2019.12.26-18.54.43:209][  0]LogConfig: Setting CVar [[r.RefractionQuality:2]]
[2019.12.26-18.54.43:209][  0]LogConfig: Setting CVar [[r.SSR.Quality:3]]
[2019.12.26-18.54.43:209][  0]LogConfig: Setting CVar [[r.SceneColorFormat:4]]
[2019.12.26-18.54.43:209][  0]LogConfig: Setting CVar [[r.DetailMode:2]]
[2019.12.26-18.54.43:209][  0]LogConfig: Setting CVar [[r.TranslucencyVolumeBlur:1]]
[2019.12.26-18.54.43:209][  0]LogConfig: Setting CVar [[r.MaterialQualityLevel:1 ; High quality]]
[2019.12.26-18.54.43:209][  0]LogConfig: Setting CVar [[r.SSS.Scale:1]]
[2019.12.26-18.54.43:209][  0]LogConfig: Setting CVar [[r.SSS.SampleSet:2]]
[2019.12.26-18.54.43:209][  0]LogConfig: Setting CVar [[r.SSS.Quality:1]]
[2019.12.26-18.54.43:210][  0]LogConfig: Setting CVar [[r.SSS.HalfRes:1]]
[2019.12.26-18.54.43:210][  0]LogConfig: Setting CVar [[r.EmitterSpawnRateScale:1.0]]
[2019.12.26-18.54.43:210][  0]LogConfig: Setting CVar [[r.ParticleLightQuality:2]]
[2019.12.26-18.54.43:210][  0]LogConfig: Applying CVar settings from Section [FoliageQuality@3] File [C:/Users/Tadaaaa/Desktop/Unreal Projects/TheMatrix/TheMatrix/Saved/Config/Windows/Scalability.ini]
[2019.12.26-18.54.43:210][  0]LogConfig: Setting CVar [[foliage.DensityScale:1.0]]
[2019.12.26-18.54.43:210][  0]LogConfig: Setting CVar [[grass.DensityScale:1.0]]
[2019.12.26-18.54.43:210][  0]LogInit: Selected Device Profile: [Windows]
[2019.12.26-18.54.43:210][  0]LogInit: Applying CVar settings loaded from the selected device profile: [Windows]
[2019.12.26-18.54.43:223][  0]LogHAL: Display: Platform has ~ 32 GB [34321829888 / 34359738368 / 32], which maps to Largest [LargestMinGB=32, LargerMinGB=12, DefaultMinGB=8, SmallerMinGB=6, SmallestMinGB=0)
[2019.12.26-18.54.43:223][  0]LogConfig: Setting CVar [[r.Vulkan.UseRealUBs:0		; Required until we fix HLR fall-out]]
[2019.12.26-18.54.43:223][  0]LogInit: Going up to parent DeviceProfile []
[2019.12.26-18.54.43:223][  0]LogConfig: Applying CVar settings from Section [ViewDistanceQuality@3] File [C:/Users/Tadaaaa/Desktop/Unreal Projects/TheMatrix/TheMatrix/Saved/Config/Windows/Scalability.ini]
[2019.12.26-18.54.43:223][  0]LogConfig: Setting CVar [[r.SkeletalMeshLODBias:0]]
[2019.12.26-18.54.43:223][  0]LogConfig: Setting CVar [[r.ViewDistanceScale:1.0]]
[2019.12.26-18.54.43:223][  0]LogConfig: Applying CVar settings from Section [AntiAliasingQuality@3] File [C:/Users/Tadaaaa/Desktop/Unreal Projects/TheMatrix/TheMatrix/Saved/Config/Windows/Scalability.ini]
[2019.12.26-18.54.43:223][  0]LogConfig: Setting CVar [[r.PostProcessAAQuality:4]]
[2019.12.26-18.54.43:223][  0]LogConfig: Applying CVar settings from Section [ShadowQuality@3] File [C:/Users/Tadaaaa/Desktop/Unreal Projects/TheMatrix/TheMatrix/Saved/Config/Windows/Scalability.ini]
[2019.12.26-18.54.43:223][  0]LogConfig: Setting CVar [[r.LightFunctionQuality:1]]
[2019.12.26-18.54.43:223][  0]LogConfig: Setting CVar [[r.ShadowQuality:5]]
[2019.12.26-18.54.43:223][  0]LogConfig: Setting CVar [[r.Shadow.CSM.MaxCascades:10]]
[2019.12.26-18.54.43:223][  0]LogConfig: Setting CVar [[r.Shadow.MaxResolution:2048]]
[2019.12.26-18.54.43:223][  0]LogConfig: Setting CVar [[r.Shadow.MaxCSMResolution:2048]]
[2019.12.26-18.54.43:223][  0]LogConfig: Setting CVar [[r.Shadow.RadiusThreshold:0.01]]
[2019.12.26-18.54.43:223][  0]LogConfig: Setting CVar [[r.Shadow.DistanceScale:1.0]]
[2019.12.26-18.54.43:223][  0]LogConfig: Setting CVar [[r.Shadow.CSM.TransitionScale:1.0]]
[2019.12.26-18.54.43:223][  0]LogConfig: Setting CVar [[r.Shadow.PreShadowResolutionFactor:1.0]]
[2019.12.26-18.54.43:223][  0]LogConfig: Setting CVar [[r.DistanceFieldShadowing:1]]
[2019.12.26-18.54.43:223][  0]LogConfig: Setting CVar [[r.DistanceFieldAO:1]]
[2019.12.26-18.54.43:223][  0]LogConfig: Setting CVar [[r.AOQuality:2]]
[2019.12.26-18.54.43:223][  0]LogConfig: Setting CVar [[r.VolumetricFog:1]]
[2019.12.26-18.54.43:223][  0]LogConfig: Setting CVar [[r.VolumetricFog.GridPixelSize:8]]
[2019.12.26-18.54.43:223][  0]LogConfig: Setting CVar [[r.VolumetricFog.GridSizeZ:128]]
[2019.12.26-18.54.43:223][  0]LogConfig: Setting CVar [[r.VolumetricFog.HistoryMissSupersampleCount:4]]
[2019.12.26-18.54.43:223][  0]LogConfig: Setting CVar [[r.LightMaxDrawDistanceScale:1]]
[2019.12.26-18.54.43:223][  0]LogConfig: Setting CVar [[r.CapsuleShadows:1]]
[2019.12.26-18.54.43:223][  0]LogConfig: Applying CVar settings from Section [PostProcessQuality@3] File [C:/Users/Tadaaaa/Desktop/Unreal Projects/TheMatrix/TheMatrix/Saved/Config/Windows/Scalability.ini]
[2019.12.26-18.54.43:223][  0]LogConfig: Setting CVar [[r.MotionBlurQuality:4]]
[2019.12.26-18.54.43:223][  0]LogConfig: Setting CVar [[r.AmbientOcclusionMipLevelFactor:0.4]]
[2019.12.26-18.54.43:223][  0]LogConfig: Setting CVar [[r.AmbientOcclusionMaxQuality:100]]
[2019.12.26-18.54.43:223][  0]LogConfig: Setting CVar [[r.AmbientOcclusionLevels:-1]]
[2019.12.26-18.54.43:223][  0]LogConfig: Setting CVar [[r.AmbientOcclusionRadiusScale:1.0]]
[2019.12.26-18.54.43:223][  0]LogConfig: Setting CVar [[r.DepthOfFieldQuality:2]]
[2019.12.26-18.54.43:223][  0]LogConfig: Setting CVar [[r.RenderTargetPoolMin:400]]
[2019.12.26-18.54.43:223][  0]LogConfig: Setting CVar [[r.LensFlareQuality:2]]
[2019.12.26-18.54.43:223][  0]LogConfig: Setting CVar [[r.SceneColorFringeQuality:1]]
[2019.12.26-18.54.43:223][  0]LogConfig: Setting CVar [[r.EyeAdaptationQuality:2]]
[2019.12.26-18.54.43:223][  0]LogConfig: Setting CVar [[r.BloomQuality:5]]
[2019.12.26-18.54.43:223][  0]LogConfig: Setting CVar [[r.FastBlurThreshold:100]]
[2019.12.26-18.54.43:223][  0]LogConfig: Setting CVar [[r.Upscale.Quality:3]]
[2019.12.26-18.54.43:223][  0]LogConfig: Setting CVar [[r.Tonemapper.GrainQuantization:1]]
[2019.12.26-18.54.43:223][  0]LogConfig: Setting CVar [[r.LightShaftQuality:1]]
[2019.12.26-18.54.43:223][  0]LogConfig: Setting CVar [[r.Filter.SizeScale:1]]
[2019.12.26-18.54.43:223][  0]LogConfig: Setting CVar [[r.Tonemapper.Quality:5]]
[2019.12.26-18.54.43:223][  0]LogConfig: Setting CVar [[r.DOF.Gather.AccumulatorQuality:1        ; higher gathering accumulator quality]]
[2019.12.26-18.54.43:223][  0]LogConfig: Setting CVar [[r.DOF.Gather.PostfilterMethod:1          ; Median3x3 postfilering method]]
[2019.12.26-18.54.43:223][  0]LogConfig: Setting CVar [[r.DOF.Gather.EnableBokehSettings:0       ; no bokeh simulation when gathering]]
[2019.12.26-18.54.43:223][  0]LogConfig: Setting CVar [[r.DOF.Gather.RingCount:4                 ; medium number of samples when gathering]]
[2019.12.26-18.54.43:223][  0]LogConfig: Setting CVar [[r.DOF.Scatter.ForegroundCompositing:1    ; additive foreground scattering]]
[2019.12.26-18.54.43:223][  0]LogConfig: Setting CVar [[r.DOF.Scatter.BackgroundCompositing:2    ; additive background scattering]]
[2019.12.26-18.54.43:223][  0]LogConfig: Setting CVar [[r.DOF.Scatter.EnableBokehSettings:1      ; bokeh simulation when scattering]]
[2019.12.26-18.54.43:223][  0]LogConfig: Setting CVar [[r.DOF.Scatter.MaxSpriteRatio:0.1         ; only a maximum of 10% of scattered bokeh]]
[2019.12.26-18.54.43:223][  0]LogConfig: Setting CVar [[r.DOF.Recombine.Quality:1                ; cheap slight out of focus]]
[2019.12.26-18.54.43:223][  0]LogConfig: Setting CVar [[r.DOF.Recombine.EnableBokehSettings:0    ; no bokeh simulation on slight out of focus]]
[2019.12.26-18.54.43:223][  0]LogConfig: Setting CVar [[r.DOF.TemporalAAQuality:1                ; more stable temporal accumulation]]
[2019.12.26-18.54.43:223][  0]LogConfig: Setting CVar [[r.DOF.Kernel.MaxForegroundRadius:0.025]]
[2019.12.26-18.54.43:223][  0]LogConfig: Setting CVar [[r.DOF.Kernel.MaxBackgroundRadius:0.025]]
[2019.12.26-18.54.43:223][  0]LogConfig: Applying CVar settings from Section [TextureQuality@3] File [C:/Users/Tadaaaa/Desktop/Unreal Projects/TheMatrix/TheMatrix/Saved/Config/Windows/Scalability.ini]
[2019.12.26-18.54.43:223][  0]LogConfig: Setting CVar [[r.Streaming.MipBias:0]]
[2019.12.26-18.54.43:223][  0]LogConfig: Setting CVar [[r.Streaming.AmortizeCPUToGPUCopy:0]]
[2019.12.26-18.54.43:223][  0]LogConfig: Setting CVar [[r.Streaming.MaxNumTexturesToStreamPerFrame:0]]
[2019.12.26-18.54.43:223][  0]LogConfig: Setting CVar [[r.Streaming.Boost:1]]
[2019.12.26-18.54.43:223][  0]LogConfig: Setting CVar [[r.MaxAnisotropy:8]]
[2019.12.26-18.54.43:223][  0]LogConfig: Setting CVar [[r.Streaming.LimitPoolSizeToVRAM:0]]
[2019.12.26-18.54.43:223][  0]LogConfig: Setting CVar [[r.Streaming.PoolSize:1000]]
[2019.12.26-18.54.43:223][  0]LogConfig: Setting CVar [[r.Streaming.MaxEffectiveScreenSize:0]]
[2019.12.26-18.54.43:223][  0]LogConfig: Applying CVar settings from Section [EffectsQuality@3] File [C:/Users/Tadaaaa/Desktop/Unreal Projects/TheMatrix/TheMatrix/Saved/Config/Windows/Scalability.ini]
[2019.12.26-18.54.43:223][  0]LogConfig: Setting CVar [[r.TranslucencyLightingVolumeDim:64]]
[2019.12.26-18.54.43:223][  0]LogConfig: Setting CVar [[r.RefractionQuality:2]]
[2019.12.26-18.54.43:223][  0]LogConfig: Setting CVar [[r.SSR.Quality:3]]
[2019.12.26-18.54.43:223][  0]LogConfig: Setting CVar [[r.SceneColorFormat:4]]
[2019.12.26-18.54.43:223][  0]LogConfig: Setting CVar [[r.DetailMode:2]]
[2019.12.26-18.54.43:223][  0]LogConfig: Setting CVar [[r.TranslucencyVolumeBlur:1]]
[2019.12.26-18.54.43:223][  0]LogConfig: Setting CVar [[r.MaterialQualityLevel:1 ; High quality]]
[2019.12.26-18.54.43:223][  0]LogConfig: Setting CVar [[r.SSS.Scale:1]]
[2019.12.26-18.54.43:223][  0]LogConfig: Setting CVar [[r.SSS.SampleSet:2]]
[2019.12.26-18.54.43:223][  0]LogConfig: Setting CVar [[r.SSS.Quality:1]]
[2019.12.26-18.54.43:223][  0]LogConfig: Setting CVar [[r.SSS.HalfRes:1]]
[2019.12.26-18.54.43:223][  0]LogConfig: Setting CVar [[r.EmitterSpawnRateScale:1.0]]
[2019.12.26-18.54.43:223][  0]LogConfig: Setting CVar [[r.ParticleLightQuality:2]]
[2019.12.26-18.54.43:223][  0]LogConfig: Applying CVar settings from Section [FoliageQuality@3] File [C:/Users/Tadaaaa/Desktop/Unreal Projects/TheMatrix/TheMatrix/Saved/Config/Windows/Scalability.ini]
[2019.12.26-18.54.43:223][  0]LogConfig: Setting CVar [[foliage.DensityScale:1.0]]
[2019.12.26-18.54.43:223][  0]LogConfig: Setting CVar [[grass.DensityScale:1.0]]
[2019.12.26-18.54.43:223][  0]LogConfig: Applying CVar settings from Section [Startup] File [../../../Engine/Config/ConsoleVariables.ini]
[2019.12.26-18.54.43:224][  0]LogConfig: Setting CVar [[net.UseAdaptiveNetUpdateFrequency:0]]
[2019.12.26-18.54.43:224][  0]LogConfig: Setting CVar [[p.chaos.AllowCreatePhysxBodies:1]]
[2019.12.26-18.54.43:224][  0]LogConfig: Applying CVar settings from Section [ConsoleVariables] File [C:/Users/Tadaaaa/Desktop/Unreal Projects/TheMatrix/TheMatrix/Saved/Config/Windows/Engine.ini]
[2019.12.26-18.54.43:224][  0]LogInit: Computer: DESKTOP-QR5TMVD
[2019.12.26-18.54.43:224][  0]LogInit: User: Tadaaaa
[2019.12.26-18.54.43:224][  0]LogInit: CPU Page size=4096, Cores=4
[2019.12.26-18.54.43:224][  0]LogInit: High frequency timer resolution =10.000000 MHz
[2019.12.26-18.54.43:224][  0]LogMemory: Memory total: Physical=32.0GB (32GB approx)
[2019.12.26-18.54.43:224][  0]LogMemory: Platform Memory Stats for Windows
[2019.12.26-18.54.43:224][  0]LogMemory: Process Physical Memory: 96.64 MB used, 96.65 MB peak
[2019.12.26-18.54.43:224][  0]LogMemory: Process Virtual Memory: 88.90 MB used, 88.90 MB peak
[2019.12.26-18.54.43:224][  0]LogMemory: Physical Memory: 12287.20 MB used,  20444.64 MB free, 32731.85 MB total
[2019.12.26-18.54.43:224][  0]LogMemory: Virtual Memory: 4642.27 MB used,  134213088.00 MB free, 134217728.00 MB total
[2019.12.26-18.54.43:238][  0]LogInit: Using OS detected language (cs-CZ).
[2019.12.26-18.54.43:238][  0]LogInit: Using OS detected locale (cs-CZ).
[2019.12.26-18.54.43:239][  0]LogTextLocalizationManager: No localization for 'cs-CZ' exists, so 'en' will be used for the language.
[2019.12.26-18.54.43:406][  0]LogInit: Setting process to per monitor DPI aware
[2019.12.26-18.54.43:439][  0]LogSlate: New Slate User Created.  User Index 0, Is Virtual User: 0
[2019.12.26-18.54.43:439][  0]LogSlate: Slate User Registered.  User Index 0, Is Virtual User: 0
[2019.12.26-18.54.43:582][  0]LogHMD: Failed to initialize OpenVR with code 110
[2019.12.26-18.54.43:582][  0]LogD3D11RHI: D3D11 adapters:
[2019.12.26-18.54.43:651][  0]LogD3D11RHI:    0. 'NVIDIA GeForce GTX 1060 6GB' (Feature Level 11_0)
[2019.12.26-18.54.43:651][  0]LogD3D11RHI:       6052/0/16365 MB DedicatedVideo/DedicatedSystem/SharedSystem, Outputs:1, VendorId:0x10de
[2019.12.26-18.54.43:653][  0]LogD3D11RHI:    1. 'Microsoft Basic Render Driver' (Feature Level 11_0)
[2019.12.26-18.54.43:653][  0]LogD3D11RHI:       0/0/16365 MB DedicatedVideo/DedicatedSystem/SharedSystem, Outputs:0, VendorId:0x1414
[2019.12.26-18.54.43:653][  0]LogD3D11RHI: Chosen D3D11 Adapter: 0
[2019.12.26-18.54.43:659][  0]LogD3D11RHI: Creating new Direct3DDevice
[2019.12.26-18.54.43:659][  0]LogD3D11RHI:     GPU DeviceId: 0x1c03 (for the marketing name, search the web for "GPU Device Id")
[2019.12.26-18.54.43:659][  0]LogWindows: EnumDisplayDevices:
[2019.12.26-18.54.43:659][  0]LogWindows:    0. 'NVIDIA GeForce GTX 1060 6GB' (P:1 D:1)
[2019.12.26-18.54.43:659][  0]LogWindows:    1. 'NVIDIA GeForce GTX 1060 6GB' (P:0 D:0)
[2019.12.26-18.54.43:659][  0]LogWindows:    2. 'NVIDIA GeForce GTX 1060 6GB' (P:0 D:0)
[2019.12.26-18.54.43:659][  0]LogWindows:    3. 'NVIDIA GeForce GTX 1060 6GB' (P:0 D:0)
[2019.12.26-18.54.43:660][  0]LogWindows: DebugString: FoundDriverCount:4 
[2019.12.26-18.54.43:660][  0]LogD3D11RHI:     Adapter Name: NVIDIA GeForce GTX 1060 6GB
[2019.12.26-18.54.43:660][  0]LogD3D11RHI:   Driver Version: 432.00 (internal:26.21.14.3200, unified:432.00)
[2019.12.26-18.54.43:660][  0]LogD3D11RHI:      Driver Date: 7-24-2019
[2019.12.26-18.54.43:660][  0]LogRHI: Texture pool is 4236 MB (70% of 6052 MB)
[2019.12.26-18.54.43:694][  0]LogD3D11RHI: Async texture creation enabled
[2019.12.26-18.54.43:698][  0]LogRendererCore: FGlobalReadBuffer::InitRHI
[2019.12.26-18.54.43:698][  0]LogRendererCore: FGlobalReadBuffer::InitRHI
[2019.12.26-18.54.43:698][  0]LogRendererCore: FGlobalReadBuffer::InitRHI
[2019.12.26-18.54.43:706][  0]LogD3D11RHI: GPU Timing Frequency: 1000.000000 (Debug: 2 1)
[2019.12.26-18.54.43:961][  0]LogTemp: Display: Module 'AllDesktopTargetPlatform' loaded TargetPlatform 'AllDesktop'
[2019.12.26-18.54.43:972][  0]LogTemp: Display: Module 'MacClientTargetPlatform' loaded TargetPlatform 'MacClient'
[2019.12.26-18.54.43:987][  0]LogTemp: Display: Module 'MacNoEditorTargetPlatform' loaded TargetPlatform 'MacNoEditor'
[2019.12.26-18.54.43:999][  0]LogTemp: Display: Module 'MacServerTargetPlatform' loaded TargetPlatform 'MacServer'
[2019.12.26-18.54.44:012][  0]LogTemp: Display: Module 'MacTargetPlatform' loaded TargetPlatform 'Mac'
[2019.12.26-18.54.44:024][  0]LogTemp: Display: Module 'WindowsClientTargetPlatform' loaded TargetPlatform 'WindowsClient'
[2019.12.26-18.54.44:036][  0]LogTemp: Display: Module 'WindowsNoEditorTargetPlatform' loaded TargetPlatform 'WindowsNoEditor'
[2019.12.26-18.54.44:048][  0]LogTemp: Display: Module 'WindowsServerTargetPlatform' loaded TargetPlatform 'WindowsServer'
[2019.12.26-18.54.44:054][  0]LogTemp: Display: Module 'WindowsTargetPlatform' loaded TargetPlatform 'Windows'
[2019.12.26-18.54.44:125][  0]LogTemp: Display: Module 'AndroidTargetPlatform' loaded TargetPlatform 'Android'
[2019.12.26-18.54.44:125][  0]LogTemp: Display: Module 'AndroidTargetPlatform' loaded TargetPlatform 'Android_ASTC'
[2019.12.26-18.54.44:125][  0]LogTemp: Display: Module 'AndroidTargetPlatform' loaded TargetPlatform 'Android_ATC'
[2019.12.26-18.54.44:125][  0]LogTemp: Display: Module 'AndroidTargetPlatform' loaded TargetPlatform 'Android_DXT'
[2019.12.26-18.54.44:125][  0]LogTemp: Display: Module 'AndroidTargetPlatform' loaded TargetPlatform 'Android_ETC1'
[2019.12.26-18.54.44:125][  0]LogTemp: Display: Module 'AndroidTargetPlatform' loaded TargetPlatform 'Android_ETC1a'
[2019.12.26-18.54.44:125][  0]LogTemp: Display: Module 'AndroidTargetPlatform' loaded TargetPlatform 'Android_ETC2'
[2019.12.26-18.54.44:125][  0]LogTemp: Display: Module 'AndroidTargetPlatform' loaded TargetPlatform 'Android_PVRTC'
[2019.12.26-18.54.44:125][  0]LogTemp: Display: Module 'AndroidTargetPlatform' loaded TargetPlatform 'AndroidClient'
[2019.12.26-18.54.44:125][  0]LogTemp: Display: Module 'AndroidTargetPlatform' loaded TargetPlatform 'Android_ASTCClient'
[2019.12.26-18.54.44:125][  0]LogTemp: Display: Module 'AndroidTargetPlatform' loaded TargetPlatform 'Android_ATCClient'
[2019.12.26-18.54.44:125][  0]LogTemp: Display: Module 'AndroidTargetPlatform' loaded TargetPlatform 'Android_DXTClient'
[2019.12.26-18.54.44:125][  0]LogTemp: Display: Module 'AndroidTargetPlatform' loaded TargetPlatform 'Android_ETC1Client'
[2019.12.26-18.54.44:125][  0]LogTemp: Display: Module 'AndroidTargetPlatform' loaded TargetPlatform 'Android_ETC1aClient'
[2019.12.26-18.54.44:125][  0]LogTemp: Display: Module 'AndroidTargetPlatform' loaded TargetPlatform 'Android_ETC2Client'
[2019.12.26-18.54.44:125][  0]LogTemp: Display: Module 'AndroidTargetPlatform' loaded TargetPlatform 'Android_PVRTCClient'
[2019.12.26-18.54.44:125][  0]LogTemp: Display: Module 'AndroidTargetPlatform' loaded TargetPlatform 'Android_Multi'
[2019.12.26-18.54.44:125][  0]LogTemp: Display: Module 'AndroidTargetPlatform' loaded TargetPlatform 'Android_MultiClient'
[2019.12.26-18.54.44:127][  0]LogTemp: Display: Module 'HTML5TargetPlatform' loaded TargetPlatform 'HTML5'
[2019.12.26-18.54.44:172][  0]LogTemp: Display: Module 'IOSTargetPlatform' loaded TargetPlatform 'IOSClient'
[2019.12.26-18.54.44:172][  0]LogTemp: Display: Module 'IOSTargetPlatform' loaded TargetPlatform 'IOS'
[2019.12.26-18.54.44:193][  0]LogTemp: Display: Module 'TVOSTargetPlatform' loaded TargetPlatform 'TVOSClient'
[2019.12.26-18.54.44:193][  0]LogTemp: Display: Module 'TVOSTargetPlatform' loaded TargetPlatform 'TVOS'
[2019.12.26-18.54.44:204][  0]LogTemp: Display: Module 'LinuxClientTargetPlatform' loaded TargetPlatform 'LinuxClient'
[2019.12.26-18.54.44:215][  0]LogTemp: Display: Module 'LinuxNoEditorTargetPlatform' loaded TargetPlatform 'LinuxNoEditor'
[2019.12.26-18.54.44:225][  0]LogTemp: Display: Module 'LinuxServerTargetPlatform' loaded TargetPlatform 'LinuxServer'
[2019.12.26-18.54.44:235][  0]LogTemp: Display: Module 'LinuxTargetPlatform' loaded TargetPlatform 'Linux'
[2019.12.26-18.54.44:273][  0]LogTemp: Display: Module 'LuminTargetPlatform' loaded TargetPlatform 'Lumin'
[2019.12.26-18.54.44:273][  0]LogTemp: Display: Module 'LuminTargetPlatform' loaded TargetPlatform 'LuminClient'
[2019.12.26-18.54.44:273][  0]LogTargetPlatformManager: Display: Building Assets For Windows
[2019.12.26-18.54.44:281][  0]LogAudioDebug: Display: Lib vorbis DLL was dynamically loaded.
[2019.12.26-18.54.44:328][  0]LogShaderCompilers: Guid format shader working directory is -28 characters bigger than the processId version (../../../../../../Users/Tadaaaa/Desktop/Unreal Projects/TheMatrix/TheMatrix/Intermediate/Shaders/WorkingDirectory/18648/).
[2019.12.26-18.54.44:328][  0]LogShaderCompilers: Cleaned the shader compiler working directory 'C:/Users/Tadaaaa/AppData/Local/Temp/UnrealShaderWorkingDir/857A2A164AEE142C7C8E03AA4DF16478/'.
[2019.12.26-18.54.44:330][  0]LogXGEController: Cannot use XGE Controller as Incredibuild is not installed on this machine.
[2019.12.26-18.54.44:331][  0]LogShaderCompilers: Cannot use XGE Shader Compiler as Incredibuild is not installed on this machine.
[2019.12.26-18.54.44:331][  0]LogShaderCompilers: Display: Using Local Shader Compiler.
[2019.12.26-18.54.44:813][  0]LogDerivedDataCache: Display: Max Cache Size: 512 MB
[2019.12.26-18.54.44:855][  0]LogDerivedDataCache: Loaded boot cache 0.04s 71MB C:/Users/Tadaaaa/AppData/Local/UnrealEngine/4.22/DerivedDataCache/Boot.ddc.
[2019.12.26-18.54.44:856][  0]LogDerivedDataCache: Display: Loaded Boot cache: C:/Users/Tadaaaa/AppData/Local/UnrealEngine/4.22/DerivedDataCache/Boot.ddc
[2019.12.26-18.54.44:856][  0]LogDerivedDataCache: FDerivedDataBackendGraph:  Pak pak cache file ../../../../../../Users/Tadaaaa/Desktop/Unreal Projects/TheMatrix/TheMatrix/DerivedDataCache/DDC.ddp not found, will not use a pak cache.
[2019.12.26-18.54.44:856][  0]LogDerivedDataCache: Unable to find inner node Pak for hierarchical cache Hierarchy.
[2019.12.26-18.54.44:856][  0]LogDerivedDataCache: FDerivedDataBackendGraph:  CompressedPak pak cache file ../../../../../../Users/Tadaaaa/Desktop/Unreal Projects/TheMatrix/TheMatrix/DerivedDataCache/Compressed.ddp not found, will not use a pak cache.
[2019.12.26-18.54.44:856][  0]LogDerivedDataCache: Unable to find inner node CompressedPak for hierarchical cache Hierarchy.
[2019.12.26-18.54.44:867][  0]LogDerivedDataCache: Display: Pak cache opened for reading ../../../Engine/DerivedDataCache/Compressed.ddp.
[2019.12.26-18.54.44:867][  0]LogDerivedDataCache: FDerivedDataBackendGraph:  EnterprisePak pak cache file ../../../Enterprise/DerivedDataCache/Compressed.ddp not found, will not use a pak cache.
[2019.12.26-18.54.44:867][  0]LogDerivedDataCache: Unable to find inner node EnterprisePak for hierarchical cache Hierarchy.
[2019.12.26-18.54.44:879][  0]LogDerivedDataCache: Using Local data cache path C:/Users/Tadaaaa/AppData/Local/UnrealEngine/Common/DerivedDataCache: Writable
[2019.12.26-18.54.44:879][  0]LogDerivedDataCache: Shared data cache path not found in *engine.ini, will not use an Shared cache.
[2019.12.26-18.54.44:879][  0]LogDerivedDataCache: Unable to find inner node Shared for hierarchical cache Hierarchy.
[2019.12.26-18.54.44:900][  0]LogMaterial: Verifying Global Shaders for PCD3D_SM5
[2019.12.26-18.54.44:901][  0]LogSlate: Using FreeType 2.6.0
[2019.12.26-18.54.44:901][  0]LogSlate: SlateFontServices - WITH_FREETYPE: 1, WITH_HARFBUZZ: 1
[2019.12.26-18.54.44:976][  0]LogAssetRegistry: FAssetRegistry took 0.0318 seconds to start up
[2019.12.26-18.54.45:257][  0]LogInit: Selected Device Profile: [Windows]
[2019.12.26-18.54.45:304][  0]LogMeshReduction: Using QuadricMeshReduction for automatic static mesh reduction
[2019.12.26-18.54.45:304][  0]LogMeshReduction: Using SimplygonMeshReduction for automatic skeletal mesh reduction
[2019.12.26-18.54.45:304][  0]LogMeshReduction: Using ProxyLODMeshReduction for automatic mesh merging
[2019.12.26-18.54.45:304][  0]LogMeshReduction: No distributed automatic mesh merging module available
[2019.12.26-18.54.45:304][  0]LogMeshMerging: No distributed automatic mesh merging module available
[2019.12.26-18.54.45:381][  0]LogNetVersion: TheMatrix 1.0.0, NetCL: 5660361, EngineNetVer: 10, GameNetVer: 0 (Checksum: 849725897)
[2019.12.26-18.54.45:724][  0]LogPackageLocalizationCache: Processed 10 localized package path(s) for 1 prioritized culture(s) in 0.042970 seconds
[2019.12.26-18.54.45:730][  0]LogUObjectArray: 42205 objects as part of root set at end of initial load.
[2019.12.26-18.54.45:730][  0]LogUObjectAllocator: 7325032 out of 0 bytes used by permanent object pool.
[2019.12.26-18.54.45:730][  0]LogUObjectArray: CloseDisregardForGC: 0/0 objects in disregard for GC pool
[2019.12.26-18.54.46:434][  0]LogTcpMessaging: Initializing TcpMessaging bridge
[2019.12.26-18.54.46:447][  0]LogUdpMessaging: Initializing bridge on interface 0.0.0.0:0 to multicast group 230.0.0.1:6666.
[2019.12.26-18.54.46:549][  0]SourceControl: Source control is disabled
[2019.12.26-18.54.46:549][  0]SourceControl: Source control is disabled
[2019.12.26-18.54.46:550][  0]SourceControl: Source control is disabled
[2019.12.26-18.54.46:551][  0]SourceControl: Source control is disabled
[2019.12.26-18.54.46:615][  0]LogAndroidPermission: UAndroidPermissionCallbackProxy::GetInstance
[2019.12.26-18.54.46:670][  0]LogOcInput: OculusInput pre-init called
[2019.12.26-18.54.47:255][  0]LogEngine: Initializing Engine...
[2019.12.26-18.54.47:256][  0]LogHMD: Failed to initialize OpenVR with code 110
[2019.12.26-18.54.47:257][  0]LogStats: UGameplayTagsManager::InitializeManager -  0.000 s
[2019.12.26-18.54.47:458][  0]LogInit: Initializing FReadOnlyCVARCache
[2019.12.26-18.54.47:473][  0]LogAIModule: Creating AISystem for world Untitled
[2019.12.26-18.54.47:486][  0]LogInit: XAudio2 using 'Headset Earphone (HyperX 7.1 Audio)' : 2 channels at 48 kHz using 16 bits per sample (channel mask 0x3)
[2019.12.26-18.54.47:501][  0]LogInit: FAudioDevice initialized.
[2019.12.26-18.54.47:501][  0]LogNetVersion: Set ProjectVersion to 1.0.0.0. Version Checksum will be recalculated on next use.
[2019.12.26-18.54.47:580][  0]LogDerivedDataCache: Saved boot cache 0.08s 71MB C:/Users/Tadaaaa/AppData/Local/UnrealEngine/4.22/DerivedDataCache/Boot.ddc.
[2019.12.26-18.54.47:589][  0]LogInit: Texture streaming: Enabled
[2019.12.26-18.54.47:609][  0]LogEngineSessionManager: EngineSessionManager initialized
[2019.12.26-18.54.47:634][  0]LogInit: Transaction tracking system initialized
[2019.12.26-18.54.47:659][  0]BlueprintLog: New page: Editor Load
[2019.12.26-18.54.47:731][  0]LocalizationService: Localization service is disabled
[2019.12.26-18.54.48:014][  0]LogFileCache: Scanning file cache for directory 'C:/Users/Tadaaaa/Desktop/Unreal Projects/TheMatrix/TheMatrix/Content/' took 0.01s
[2019.12.26-18.54.48:014][  0]LogCook: Display: Max memory allowance for cook 16384mb min free memory 0mb
[2019.12.26-18.54.48:014][  0]LogCook: Display: Mobile HDR setting 1
[2019.12.26-18.54.48:171][  0]SourceControl: Source control is disabled
[2019.12.26-18.54.48:171][  0]Cmd: MAP LOAD FILE="../../../../../../Users/Tadaaaa/Desktop/Unreal Projects/TheMatrix/TheMatrix/Content/NewMap.umap" TEMPLATE=0 SHOWPROGRESS=1 FEATURELEVEL=3
[2019.12.26-18.54.48:171][  0]LightingResults: New page: Lighting Build
[2019.12.26-18.54.48:174][  0]MapCheck: New page: Map Check
[2019.12.26-18.54.48:174][  0]LightingResults: New page: Lighting Build
[2019.12.26-18.54.48:195][  0]LogUObjectHash: Compacting FUObjectHashTables data took   1.43ms
[2019.12.26-18.54.48:268][  0]LogAIModule: Creating AISystem for world NewMap
[2019.12.26-18.54.48:272][  0]LogEditorServer: Finished looking for orphan Actors (0.000 secs)
[2019.12.26-18.54.48:293][  0]LogUObjectHash: Compacting FUObjectHashTables data took   1.71ms
[2019.12.26-18.54.48:293][  0]Cmd: MAP CHECKDEP NOCLEARLOG
[2019.12.26-18.54.48:293][  0]MapCheck: Map check complete: 0 Error(s), 0 Warning(s), took 0,13ms to complete.
[2019.12.26-18.54.48:293][  0]LogFileHelpers: Loading map 'NewMap' took 0.122
[2019.12.26-18.54.48:390][  0]LogSlate: Updating window title bar state: overlay mode, drag disabled, window buttons hidden, title bar hidden
[2019.12.26-18.54.48:397][  0]LogSlate: Updating window title bar state: overlay mode, drag disabled, window buttons hidden, title bar hidden
[2019.12.26-18.54.48:404][  0]LogSlate: Updating window title bar state: overlay mode, drag disabled, window buttons hidden, title bar hidden
[2019.12.26-18.54.48:410][  0]LogSlate: Updating window title bar state: overlay mode, drag disabled, window buttons hidden, title bar hidden
[2019.12.26-18.54.48:415][  0]LogCollectionManager: Loaded 0 collections in 0.001431 seconds
[2019.12.26-18.54.48:429][  0]LogFileCache: Scanning file cache for directory 'C:/Users/Tadaaaa/Desktop/Unreal Projects/TheMatrix/TheMatrix/Saved/Collections/' took 0.01s
[2019.12.26-18.54.48:429][  0]LogFileCache: Scanning file cache for directory 'C:/Users/Tadaaaa/Desktop/Unreal Projects/TheMatrix/TheMatrix/Content/Developers/Tadaaaa/Collections/' took 0.00s
[2019.12.26-18.54.48:429][  0]LogFileCache: Scanning file cache for directory 'C:/Users/Tadaaaa/Desktop/Unreal Projects/TheMatrix/TheMatrix/Content/Collections/' took 0.00s
[2019.12.26-18.54.48:429][  0]LogCollectionManager: Rebuilt the GUID cache for 0 collections in 0.000000 seconds
[2019.12.26-18.54.48:437][  0]LogContentBrowser: Native class hierarchy populated in 0.0076 seconds. Added 2733 classes and 661 folders.
[2019.12.26-18.54.48:443][  0]LogContentBrowser: Native class hierarchy updated for 'WidgetCarousel' in 0.0003 seconds. Added 0 classes and 0 folders.
[2019.12.26-18.54.48:444][  0]LogPakFile: Registered encryption key '00000000000000000000000000000000': 0 pak files mounted, 0 remain pending
[2019.12.26-18.54.48:444][  0]LogPakFile: Registered encryption key '00000000000000000000000000000000': 0 pak files mounted, 0 remain pending
[2019.12.26-18.54.48:445][  0]LogPakFile: Registered encryption key '00000000000000000000000000000000': 0 pak files mounted, 0 remain pending
[2019.12.26-18.54.48:445][  0]LogPakFile: Registered encryption key '00000000000000000000000000000000': 0 pak files mounted, 0 remain pending
[2019.12.26-18.54.48:446][  0]LogPakFile: Registered encryption key '00000000000000000000000000000000': 0 pak files mounted, 0 remain pending
[2019.12.26-18.54.48:446][  0]LogPakFile: Registered encryption key '00000000000000000000000000000000': 0 pak files mounted, 0 remain pending
[2019.12.26-18.54.48:446][  0]LogPakFile: Registered encryption key '00000000000000000000000000000000': 0 pak files mounted, 0 remain pending
[2019.12.26-18.54.48:447][  0]LogPakFile: Registered encryption key '00000000000000000000000000000000': 0 pak files mounted, 0 remain pending
[2019.12.26-18.54.48:447][  0]LogPakFile: Registered encryption key '00000000000000000000000000000000': 0 pak files mounted, 0 remain pending
[2019.12.26-18.54.48:448][  0]LogPakFile: Registered encryption key '00000000000000000000000000000000': 0 pak files mounted, 0 remain pending
[2019.12.26-18.54.48:448][  0]LogPakFile: Registered encryption key '00000000000000000000000000000000': 0 pak files mounted, 0 remain pending
[2019.12.26-18.54.48:448][  0]LogPakFile: Registered encryption key '00000000000000000000000000000000': 0 pak files mounted, 0 remain pending
[2019.12.26-18.54.48:449][  0]LogPakFile: Registered encryption key '00000000000000000000000000000000': 0 pak files mounted, 0 remain pending
[2019.12.26-18.54.48:449][  0]LogPakFile: Registered encryption key '00000000000000000000000000000000': 0 pak files mounted, 0 remain pending
[2019.12.26-18.54.48:450][  0]LogPakFile: Registered encryption key '00000000000000000000000000000000': 0 pak files mounted, 0 remain pending
[2019.12.26-18.54.48:451][  0]LogPakFile: Registered encryption key '00000000000000000000000000000000': 0 pak files mounted, 0 remain pending
[2019.12.26-18.54.48:451][  0]LogPakFile: Registered encryption key '00000000000000000000000000000000': 0 pak files mounted, 0 remain pending
[2019.12.26-18.54.48:452][  0]LogPakFile: Registered encryption key '00000000000000000000000000000000': 0 pak files mounted, 0 remain pending
[2019.12.26-18.54.48:452][  0]LogPakFile: Registered encryption key '00000000000000000000000000000000': 0 pak files mounted, 0 remain pending
[2019.12.26-18.54.48:452][  0]LogPakFile: Registered encryption key '00000000000000000000000000000000': 0 pak files mounted, 0 remain pending
[2019.12.26-18.54.48:453][  0]LogPakFile: Registered encryption key '00000000000000000000000000000000': 0 pak files mounted, 0 remain pending
[2019.12.26-18.54.48:453][  0]LogPakFile: Registered encryption key '00000000000000000000000000000000': 0 pak files mounted, 0 remain pending
[2019.12.26-18.54.48:454][  0]LogPakFile: Registered encryption key '00000000000000000000000000000000': 0 pak files mounted, 0 remain pending
[2019.12.26-18.54.48:454][  0]LogPakFile: Registered encryption key '00000000000000000000000000000000': 0 pak files mounted, 0 remain pending
[2019.12.26-18.54.48:455][  0]LogPakFile: Registered encryption key '00000000000000000000000000000000': 0 pak files mounted, 0 remain pending
[2019.12.26-18.54.48:455][  0]LogPakFile: Registered encryption key '00000000000000000000000000000000': 0 pak files mounted, 0 remain pending
[2019.12.26-18.54.48:478][  0]LogContentBrowser: Native class hierarchy updated for 'AddContentDialog' in 0.0003 seconds. Added 0 classes and 0 folders.
[2019.12.26-18.54.48:486][  0]LogContentBrowser: Native class hierarchy updated for 'SceneOutliner' in 0.0004 seconds. Added 1 classes and 2 folders.
[2019.12.26-18.54.48:502][  0]LogSlate: Took 0.000170 seconds to synchronously load lazily loaded font '../../../Engine/Content/Slate/Fonts/Roboto-Regular.ttf' (155K)
[2019.12.26-18.54.48:504][  0]LogSlate: Took 0.000159 seconds to synchronously load lazily loaded font '../../../Engine/Content/Slate/Fonts/Roboto-Bold.ttf' (160K)
[2019.12.26-18.54.48:510][  0]LogSlate: Took 0.000189 seconds to synchronously load lazily loaded font '../../../Engine/Content/Editor/Slate/Fonts/FontAwesome.ttf' (139K)
[2019.12.26-18.54.48:510][  0]LogSlate: Took 0.000108 seconds to synchronously load lazily loaded font '../../../Engine/Content/Slate/Fonts/DroidSansMono.ttf' (77K)
[2019.12.26-18.54.48:604][  0]LogRenderer: Reallocating scene render targets to support 1208x600 Format 10 NumSamples 1 (Frame:1).
[2019.12.26-18.54.48:710][  0]LogContentBrowser: Native class hierarchy updated for 'HierarchicalLODOutliner' in 0.0003 seconds. Added 0 classes and 0 folders.
[2019.12.26-18.54.48:711][  0]LogLoad: (Engine Initialization) Total time: 6.94 seconds
[2019.12.26-18.54.48:711][  0]LogLoad: (Engine Initialization) Total Blueprint compile time: 0.00 seconds
[2019.12.26-18.54.48:740][  0]LogAssetRegistry: Asset discovery search completed in 3.7859 seconds
[2019.12.26-18.54.48:742][  0]LogCollectionManager: Rebuilt the object cache for 0 collections in 0.000000 seconds (found 0 objects)
[2019.12.26-18.54.48:742][  0]LogCollectionManager: Fixed up redirectors for 0 collections in 0.000189 seconds (updated 0 objects)
[2019.12.26-18.54.48:743][  0]LogContentStreaming: Texture pool size now 1000 MB
[2019.12.26-18.55.34:217][602]LogSlate: FSceneViewport::OnFocusLost() reason 0
[2019.12.26-18.55.34:311][613]Candidate modules for hot reload:
[2019.12.26-18.55.34:311][613]  TheMatrix
[2019.12.26-18.55.34:311][613]Launching UnrealBuildTool... [C:/Program Files/Epic Games/UE_4.22/Engine/Binaries/DotNET/UnrealBuildTool.exe  -ModuleWithSuffix=TheMatrix,4838 Win64 Development -TargetType=Editor -Project="C:/Users/Tadaaaa/Desktop/Unreal Projects/TheMatrix/TheMatrix/TheMatrix.uproject" "C:/Users/Tadaaaa/Desktop/Unreal Projects/TheMatrix/TheMatrix/TheMatrix.uproject"  -IgnoreJunk]
[2019.12.26-18.55.34:313][613]Warning: Starting HotReload took  0.0s.
[2019.12.26-18.55.38:004][689]CompilerResultsLog: New page: Compilation - 26. 12. 2019 20:55:38
[2019.12.26-18.55.38:005][689]CompilerResultsLog: Using 'git status' to determine working set for adaptive non-unity build (C:\Users\Tadaaaa\Desktop\Unreal Projects\TheMatrix).
[2019.12.26-18.55.38:005][689]CompilerResultsLog: Creating makefile for TheMatrixEditor (ini files are newer than makefile)
[2019.12.26-18.55.38:005][689]CompilerResultsLog: Using Visual Studio 2017 14.16.27023 toolchain (C:\Program Files (x86)\Microsoft Visual Studio\2017\Community\VC\Tools\MSVC\14.16.27023) and Windows 10.0.18362.0 SDK (C:\Program Files (x86)\Windows Kits\10).
[2019.12.26-18.55.38:006][689]CompilerResultsLog: Building 4 actions with 8 processes...
[2019.12.26-18.55.38:006][689]CompilerResultsLog:   [1/4] WorldPosition.cpp
[2019.12.26-18.55.38:006][689]CompilerResultsLog:   [2/4] UE4Editor-TheMatrix-4838.lib
[2019.12.26-18.55.38:006][689]CompilerResultsLog:      Vytv??? se knihovna C:\Users\Tadaaaa\Desktop\Unreal Projects\TheMatrix\TheMatrix\Intermediate\Build\Win64\UE4Editor\Development\TheMatrix\UE4Editor-TheMatrix-4838.lib a objekt C:\Users\Tadaaaa\Desktop\Unreal Projects\TheMatrix\TheMatrix\Intermediate\Build\Win64\UE4Editor\Development\TheMatrix\UE4Editor-TheMatrix-4838.exp.
[2019.12.26-18.55.38:006][689]CompilerResultsLog:   [3/4] UE4Editor-TheMatrix-4838.dll
[2019.12.26-18.55.38:006][689]CompilerResultsLog:      Vytv??? se knihovna C:\Users\Tadaaaa\Desktop\Unreal Projects\TheMatrix\TheMatrix\Intermediate\Build\Win64\UE4Editor\Development\TheMatrix\UE4Editor-TheMatrix-4838.suppressed.lib a objekt C:\Users\Tadaaaa\Desktop\Unreal Projects\TheMatrix\TheMatrix\Intermediate\Build\Win64\UE4Editor\Development\TheMatrix\UE4Editor-TheMatrix-4838.suppressed.exp.
[2019.12.26-18.55.38:007][689]CompilerResultsLog:   [4/4] TheMatrixEditor.target
[2019.12.26-18.55.38:007][689]CompilerResultsLog: Total time in Parallel executor: 1,48 seconds
[2019.12.26-18.55.38:007][689]CompilerResultsLog: Total execution time: 3,38 seconds
[2019.12.26-18.55.38:007][689]LogMainFrame: MainFrame: Module compiling took 3.698 seconds
[2019.12.26-18.55.38:025][689]LogUObjectHash: Compacting FUObjectHashTables data took   0.49ms
[2019.12.26-18.55.38:042][689]LogContentBrowser: Native class hierarchy updated for 'TheMatrix' in 0.0003 seconds. Added 1 classes and 2 folders.
[2019.12.26-18.55.38:044][689]Display: HotReload successful (0 functions remapped  0 scriptstructs remapped)
[2019.12.26-18.55.38:155][689]LogUObjectHash: Compacting FUObjectHashTables data took   0.81ms
[2019.12.26-18.55.38:167][689]LogContentBrowser: Native class hierarchy populated in 0.0081 seconds. Added 2734 classes and 663 folders.
[2019.12.26-18.55.38:167][689]Display: HotReload took  3.9s.
[2019.12.26-18.55.44:122][830]LogTemp: Repeating last play command: Selected Viewport
[2019.12.26-18.55.44:137][830]LogBlueprintUserMessages: Early PlayInEditor Detection: Level '/Game/NewMap.NewMap:PersistentLevel' has LevelScriptBlueprint '/Game/NewMap.NewMap:PersistentLevel.NewMap' with GeneratedClass '/Game/NewMap.NewMap_C' with ClassGeneratedBy '/Game/NewMap.NewMap:PersistentLevel.NewMap'
[2019.12.26-18.55.44:138][830]LogPlayLevel: PlayLevel: No blueprints needed recompiling
[2019.12.26-18.55.44:138][830]PIE: New page: PIE session: NewMap (26. 12. 2019 20:55:44)
[2019.12.26-18.55.44:151][830]LogPlayLevel: Creating play world package: /Game/UEDPIE_0_NewMap
[2019.12.26-18.55.44:156][830]LogPlayLevel: PIE: StaticDuplicateObject took: (0.004074s)
[2019.12.26-18.55.44:157][830]LogAIModule: Creating AISystem for world NewMap
[2019.12.26-18.55.44:157][830]LogPlayLevel: PIE: World Init took: (0.001027s)
[2019.12.26-18.55.44:157][830]LogPlayLevel: PIE: Created PIE world by copying editor world from /Game/NewMap.NewMap to /Game/UEDPIE_0_NewMap.NewMap (0.005898s)
[2019.12.26-18.55.44:183][830]LogUObjectHash: Compacting FUObjectHashTables data took   1.42ms
[2019.12.26-18.55.44:195][830]LogInit: XAudio2 using 'Headset Earphone (HyperX 7.1 Audio)' : 2 channels at 48 kHz using 16 bits per sample (channel mask 0x3)
[2019.12.26-18.55.44:209][830]LogInit: FAudioDevice initialized.
[2019.12.26-18.55.44:252][830]LogLoad: Game class is 'GameModeBase'
[2019.12.26-18.55.44:254][830]LogWorld: Bringing World /Game/UEDPIE_0_NewMap.NewMap up for play (max tick rate 0) at 2019.12.26-19.55.44
[2019.12.26-18.55.44:254][830]LogWorld: Bringing up level for play took: 0.000931
[2019.12.26-18.55.44:290][830]LogContentBrowser: Native class hierarchy updated for 'MovieSceneCapture' in 0.0003 seconds. Added 20 classes and 0 folders.
[2019.12.26-18.55.44:291][830]LogTemp: Warning: Cube_2 position is X=-200.000 Y=-250.000 Z=180.000
[2019.12.26-18.55.44:291][830]LogTemp: Warning: Sphere_5 position is X=20.000 Y=300.000 Z=100.000
[2019.12.26-18.55.44:292][830]PIE: Play in editor start time for /Game/UEDPIE_0_NewMap -0,209
[2019.12.26-18.55.44:292][830]LogBlueprintUserMessages: Late PlayInEditor Detection: Level '/Game/NewMap.NewMap:PersistentLevel' has LevelScriptBlueprint '/Game/NewMap.NewMap:PersistentLevel.NewMap' with GeneratedClass '/Game/NewMap.NewMap_C' with ClassGeneratedBy '/Game/NewMap.NewMap:PersistentLevel.NewMap'
[2019.12.26-18.55.46:874][133]LogBlueprintUserMessages: Early EndPlayMap Detection: Level '/Game/NewMap.NewMap:PersistentLevel' has LevelScriptBlueprint '/Game/NewMap.NewMap:PersistentLevel.NewMap' with GeneratedClass '/Game/NewMap.NewMap_C' with ClassGeneratedBy '/Game/NewMap.NewMap:PersistentLevel.NewMap'
[2019.12.26-18.55.46:874][133]LogSlate: Updating window title bar state: overlay mode, drag disabled, window buttons hidden, title bar hidden
[2019.12.26-18.55.46:906][133]LogPlayLevel: Display: Shutting down PIE online subsystems
[2019.12.26-18.55.46:907][133]LogBlueprintUserMessages: Late EndPlayMap Detection: Level '/Game/NewMap.NewMap:PersistentLevel' has LevelScriptBlueprint '/Game/NewMap.NewMap:PersistentLevel.NewMap' with GeneratedClass '/Game/NewMap.NewMap_C' with ClassGeneratedBy '/Game/NewMap.NewMap:PersistentLevel.NewMap'
[2019.12.26-18.55.46:930][133]LogSlate: Updating window title bar state: overlay mode, drag disabled, window buttons hidden, title bar hidden
[2019.12.26-18.55.46:934][133]LogUObjectHash: Compacting FUObjectHashTables data took   2.21ms
[2019.12.26-18.55.46:980][138]LogPlayLevel: Display: Destroying online subsystem :Context_1
[2019.12.26-18.56.19:627][678]LogSlate: FSceneViewport::OnFocusLost() reason 0
[2019.12.26-18.56.19:641][678]LogSlate: Took 0.000155 seconds to synchronously load lazily loaded font '../../../Engine/Content/Slate/Fonts/Roboto-Light.ttf' (167K)
[2019.12.26-18.56.34:526][179]LogSlate: Took 0.000145 seconds to synchronously load lazily loaded font '../../../Engine/Content/Slate/Fonts/Roboto-Light.ttf' (167K)
[2019.12.26-18.56.34:627][179]LogUObjectHash: Compacting FUObjectHashTables data took   1.56ms
[2019.12.26-18.56.34:627][179]LogMetaData: Removing '/Game/Levels/NewMap.NewMap_C' ref from Metadata '/Game/NewMap.PackageMetaData'
[2019.12.26-18.56.34:627][179]LogMetaData: Removing '/Game/Levels/NewMap.NewMap:PersistentLevel.NewMap.EventGraph.K2Node_Event_0' ref from Metadata '/Game/NewMap.PackageMetaData'
[2019.12.26-18.56.34:627][179]LogMetaData: Removing '/Game/Levels/NewMap.NewMap:PersistentLevel.NewMap.EventGraph.K2Node_Event_1' ref from Metadata '/Game/NewMap.PackageMetaData'
[2019.12.26-18.56.34:627][179]LogMetaData: Removing '/Game/Levels/NewMap.SKEL_NewMap_C' ref from Metadata '/Game/NewMap.PackageMetaData'
[2019.12.26-18.56.34:642][179]Cmd: OBJ SAVEPACKAGE PACKAGE="/Game/Levels/NewMap_BuiltData" FILE="../../../../../../Users/Tadaaaa/Desktop/Unreal Projects/TheMatrix/TheMatrix/Content/Levels/NewMap_BuiltData.uasset" SILENT=true
[2019.12.26-18.56.34:658][179]LogSavePackage: Moving '../../../../../../Users/Tadaaaa/Desktop/Unreal Projects/TheMatrix/TheMatrix/Saved/NewMap_BuiltData192433E649C2DBF84E035CA1D4A843A7.tmp' to '../../../../../../Users/Tadaaaa/Desktop/Unreal Projects/TheMatrix/TheMatrix/Content/Levels/NewMap_BuiltData.uasset'
[2019.12.26-18.56.34:689][179]LogUObjectHash: Compacting FUObjectHashTables data took   1.90ms
[2019.12.26-18.56.34:774][179]LogSavePackage: Moving '../../../../../../Users/Tadaaaa/Desktop/Unreal Projects/TheMatrix/TheMatrix/Saved/NewMap0B5E389C45946D236CDF09A3B11B5BCF.tmp' to '../../../../../../Users/Tadaaaa/Desktop/Unreal Projects/TheMatrix/TheMatrix/Content/Levels/NewMap.umap'
[2019.12.26-18.56.34:803][179]LogFileHelpers: Saving map 'NewMap' took 0.138
[2019.12.26-18.56.34:922][179]LogUObjectHash: Compacting FUObjectHashTables data took   1.34ms
[2019.12.26-18.56.34:941][179]LogUObjectHash: Compacting FUObjectHashTables data took   0.71ms
[2019.12.26-18.56.34:961][179]LogUObjectHash: Compacting FUObjectHashTables data took   1.28ms
[2019.12.26-18.56.34:981][179]LogUObjectHash: Compacting FUObjectHashTables data took   0.50ms
[2019.12.26-18.57.27:582][379]LogFactory: FactoryCreateFile: StaticMesh with FbxFactory (0 0 ../../../../../../Users/Tadaaaa/Downloads/2x1 Door and Frame.fbx)
[2019.12.26-18.57.27:654][379]LogFbx: Loading FBX Scene from ../../../../../../Users/Tadaaaa/Downloads/2x1 Door and Frame.fbx
[2019.12.26-18.57.27:674][379]LogFbx: FBX Scene Loaded Succesfully
[2019.12.26-18.57.59:177][379]LogSlate: Window 'FBX Import Options' being destroyed
[2019.12.26-18.58.24:167][830]LogFactory: FactoryCreateFile: Texture with ReimportTextureFactory (0 0 C:\Users\Tadaaaa\Downloads\UV Test.png)
[2019.12.26-18.58.24:178][830]LogTexture: Display: Building textures: UV_Test (AutoDXT, 1024X1024)
[2019.12.26-18.58.24:221][830]LogFactory: FactoryCreateFile: StaticMesh with FbxFactory (0 0 C:\Users\Tadaaaa\Downloads\2x1 Door and Frame.fbx)
[2019.12.26-18.58.24:231][830]LogFbx: Loading FBX Scene from C:\Users\Tadaaaa\Downloads\2x1 Door and Frame.fbx
[2019.12.26-18.58.24:238][830]LogFbx: FBX Scene Loaded Succesfully
[2019.12.26-18.59.12:751][830]LogSlate: Window 'FBX Import Options' being destroyed
[2019.12.26-18.59.12:899][830]LogLinker: Can't find file '/Game/Models/TexturesCom_Wood_Rough_1K_albedo'
[2019.12.26-18.59.12:900][830]LogLinker: Can't find file '/Game/Models/TexturesCom_Wood_Rough_1K_albedo'
[2019.12.26-18.59.12:900][830]LogFbxMaterialImport: Warning: Unable to find Texture file C:\Users\Mikey\Pictures\Textures\TexturesCom_Wood_Rough_1K_albedo.png
[2019.12.26-18.59.12:903][830]LogMaterial: Display: Missing cached shader map for material Wood, compiling. 
[2019.12.26-18.59.12:955][830]LogMaterial: Display: Missing cached shader map for material Brass, compiling. 
[2019.12.26-18.59.12:968][830]LogFbx: Display: Triangulating static mesh Door
[2019.12.26-18.59.12:991][830]LogStaticMesh: Building static mesh 2x1_Door_and_Frame_Door...
[2019.12.26-18.59.13:013][830]LogStaticMesh: Built static mesh [0.02s] /Game/Models/2x1_Door_and_Frame_Door.2x1_Door_and_Frame_Door
[2019.12.26-18.59.13:029][830]LogLinker: Can't find file '/Game/Models/TexturesCom_DamagedConcrete_3x3_1K_albedo'
[2019.12.26-18.59.13:030][830]LogLinker: Can't find file '/Game/Models/TexturesCom_DamagedConcrete_3x3_1K_albedo'
[2019.12.26-18.59.13:030][830]LogFbxMaterialImport: Warning: Unable to find Texture file C:\Users\Mikey\Downloads\TexturesCom_DamagedConcrete_3x3_1K_albedo.tif
[2019.12.26-18.59.13:033][830]LogMaterial: Display: Missing cached shader map for material Broken_Concrete, compiling. 
[2019.12.26-18.59.13:046][830]LogFbx: Display: Triangulating static mesh Frame
[2019.12.26-18.59.13:053][830]LogStaticMesh: Building static mesh 2x1_Door_and_Frame_Frame...
[2019.12.26-18.59.13:060][830]LogStaticMesh: Built static mesh [0.01s] /Game/Models/2x1_Door_and_Frame_Frame.2x1_Door_and_Frame_Frame
[2019.12.26-18.59.49:011][251]LogUnrealEdMisc: Warning: Heartbeat event firing too frequently (35.899 sec). This should never happen. Something is wrong with the timer delegate!
[2019.12.26-19.00.11:018][533]LogSlate: FSceneViewport::OnFocusLost() reason 0
[2019.12.26-19.00.11:141][547]LogActorFactory: Actor Factory created 2x1_Door_and_Frame_Frame
[2019.12.26-19.00.12:067][657]LogActorFactory: Actor Factory created 2x1_Door_and_Frame_Frame
[2019.12.26-19.00.26:555][925]LogSlate: FSceneViewport::OnFocusLost() reason 2
[2019.12.26-19.00.27:745][ 26]LogUObjectHash: Compacting FUObjectHashTables data took   1.36ms
[2019.12.26-19.00.29:328][ 26]LogSlate: Window 'Delete Assets' being destroyed
[2019.12.26-19.00.32:273][356]LogEditorViewport: Clicking on Actor (LMB): StaticMeshActor (2x1_Door_and_Frame_Frame)
[2019.12.26-19.00.33:478][499]Cmd: DELETE
[2019.12.26-19.00.33:478][499]Cmd: ACTOR DELETE
[2019.12.26-19.00.33:482][499]LogEditorActor: Deleted Actor: StaticMeshActor
[2019.12.26-19.00.33:499][499]LogUObjectHash: Compacting FUObjectHashTables data took   0.53ms
[2019.12.26-19.00.33:500][499]LogEditorActor: Deleted 1 Actors (0.020 secs)
[2019.12.26-19.00.35:044][684]LogSlate: FSceneViewport::OnFocusLost() reason 0
[2019.12.26-19.00.35:885][784]LogActorFactory: Actor Factory created 2x1_Door_and_Frame_Frame
[2019.12.26-19.00.35:885][784]LogActorFactory: Actor Factory created 2x1_Door_and_Frame_Door
[2019.12.26-19.00.36:488][856]LogActorFactory: Actor Factory created 2x1_Door_and_Frame_Frame
[2019.12.26-19.00.36:501][856]LogActorFactory: Actor Factory created 2x1_Door_and_Frame_Door
[2019.12.26-19.00.40:587][307]LogEditorViewport: Clicking on Actor (LMB): PlayerStart (Player Start)
[2019.12.26-19.00.43:109][607]LogNavigationPoint: PostEditMove Clear paths rebuilt
[2019.12.26-19.00.44:371][756]LogNavigationPoint: PostEditMove Clear paths rebuilt
[2019.12.26-19.00.47:160][ 89]LogNavigationPoint: PostEditMove Clear paths rebuilt
[2019.12.26-19.00.48:873][293]LogSlate: Took 0.000145 seconds to synchronously load lazily loaded font '../../../Engine/Content/Slate/Fonts/Roboto-Italic.ttf' (157K)
[2019.12.26-19.00.52:301][704]LogEditorViewport: Clicking on Actor (LMB): StaticMeshActor (2x1_Door_and_Frame_Frame)
[2019.12.26-19.00.55:191][ 47]LogSlate: FSceneViewport::OnFocusLost() reason 0
[2019.12.26-19.01.29:882][970]LogSlate: FSceneViewport::OnFocusLost() reason 2
[2019.12.26-19.01.30:303][995]LogSavePackage: Moving '../../../../../../Users/Tadaaaa/Desktop/Unreal Projects/TheMatrix/TheMatrix/Saved/2x1_Door_and_Frame_Frame261E175F459EB52259F5699604B2B042.tmp' to '../../../../../../Users/Tadaaaa/Desktop/Unreal Projects/TheMatrix/TheMatrix/Content/Models/2x1_Door_and_Frame_Frame.uasset'
[2019.12.26-19.01.30:335][995]LogSavePackage: Moving '../../../../../../Users/Tadaaaa/Desktop/Unreal Projects/TheMatrix/TheMatrix/Saved/2x1_Door_and_Frame_DoorC2B4D5C34D5CC439C99ECFA7D2FC27A5.tmp' to '../../../../../../Users/Tadaaaa/Desktop/Unreal Projects/TheMatrix/TheMatrix/Content/Models/2x1_Door_and_Frame_Door.uasset'
